<?xml version="1.0" encoding="UTF-8"?>
<!-- Generated by org.testng.reporters.JUnitReportReporter -->
<testsuite hostname="DESKTOP-MEGCP4U" name="MulSkill_IN_main.FinalizeResponseAuth_IN" tests="2" failures="0" timestamp="17 Jan 2022 09:23:18 GMT" time="111.759" errors="0">
  <testcase name="login" time="86.356" classname="MulSkill_IN_main.FinalizeResponseAuth_IN"/>
  <testcase name="Finalizeskill1" time="25.403" classname="MulSkill_IN_main.FinalizeResponseAuth_IN"/>
</testsuite> <!-- MulSkill_IN_main.FinalizeResponseAuth_IN -->
