<?xml version="1.0" encoding="UTF-8"?>
<!-- Generated by org.testng.reporters.JUnitReportReporter -->
<testsuite hostname="DESKTOP-MEGCP4U" name="MulSkill_IN_main.PO_Authorization_IN" tests="2" failures="0" timestamp="17 Jan 2022 10:01:01 GMT" time="73.101" errors="0">
  <testcase name="authorize_PO" time="17.971" classname="MulSkill_IN_main.PO_Authorization_IN"/>
  <testcase name="PO_Login" time="55.130" classname="MulSkill_IN_main.PO_Authorization_IN"/>
</testsuite> <!-- MulSkill_IN_main.PO_Authorization_IN -->
