<?xml version="1.0" encoding="UTF-8"?>
<!-- Generated by org.testng.reporters.JUnitReportReporter -->
<testsuite hostname="DESKTOP-MEGCP4U" name="MulSkill_IN_main.CRB_Auth_IN" tests="2" failures="0" timestamp="17 Jan 2022 09:42:45 GMT" time="85.456" errors="0">
  <testcase name="CRB_Wlcmpage" time="55.579" classname="MulSkill_IN_main.CRB_Auth_IN"/>
  <testcase name="CRB_auth" time="29.877" classname="MulSkill_IN_main.CRB_Auth_IN"/>
</testsuite> <!-- MulSkill_IN_main.CRB_Auth_IN -->
